<?xml version="1.0" encoding="UTF-8"?>
<!-- Generated by org.testng.reporters.JUnitReportReporter -->
<testsuite hostname="DESKTOP-7F50743" failures="0" tests="3" name="testNgFlags.DependsOnFlag" time="0.014" errors="0" timestamp="2023-05-26T10:56:23 IST" skipped="0">
  <testcase classname="testNgFlags.DependsOnFlag" name="createUser" time="0.002"/>
  <system-out>
    <![CDATA[User Created]]>
  </system-out>
  <testcase classname="testNgFlags.DependsOnFlag" name="logoutmethod" time="0.001"/>
  <system-out>
    <![CDATA[Logout Perform]]>
  </system-out>
  <testcase classname="testNgFlags.DependsOnFlag" name="loginMethod" time="0.011"/>
  <system-out>
    <![CDATA[Login Perform]]>
  </system-out>
</testsuite> <!-- testNgFlags.DependsOnFlag -->
