<?xml version="1.0" encoding="UTF-8"?>
<!-- Generated by org.testng.reporters.JUnitReportReporter -->
<testsuite hostname="DESKTOP-7F50743" failures="0" tests="1" name="testNG.Test2" time="4.963" errors="0" timestamp="2023-05-22T11:00:20 IST" skipped="0">
  <testcase classname="testNG.Test2" name="testMethod2" time="4.963"/>
  <system-out/>
</testsuite> <!-- testNG.Test2 -->
