<?xml version="1.0" encoding="UTF-8"?>
<!-- Generated by org.testng.reporters.JUnitReportReporter -->
<testsuite hostname="DESKTOP-7F50743" failures="0" tests="1" name="testNGannotation.ParallelExecution" time="7.355" errors="0" timestamp="2023-05-24T09:59:49 IST" skipped="0">
  <testcase classname="testNGannotation.ParallelExecution" name="search2" time="7.355"/>
  <system-out/>
</testsuite> <!-- testNGannotation.ParallelExecution -->
