<?xml version="1.0" encoding="UTF-8"?>
<!-- Generated by org.testng.reporters.JUnitReportReporter -->
<testsuite hostname="DESKTOP-7F50743" failures="0" tests="2" name="testNgFlags.EnabledFlag" time="0.013" errors="0" timestamp="2023-05-26T10:09:11 IST" skipped="0">
  <testcase classname="testNgFlags.EnabledFlag" name="method1" time="0.012"/>
  <system-out>
    <![CDATA[login perform]]>
  </system-out>
  <testcase classname="testNgFlags.EnabledFlag" name="method2" time="0.001"/>
  <system-out>
    <![CDATA[login perform]]>
  </system-out>
</testsuite> <!-- testNgFlags.EnabledFlag -->
