<?xml version="1.0" encoding="UTF-8"?>
<!-- Generated by org.testng.reporters.JUnitReportReporter -->
<testsuite hostname="DESKTOP-7F50743" failures="0" tests="1" name="testNGPackage2.Test1" time="9.829" errors="0" timestamp="2023-05-24T10:09:29 IST" skipped="0">
  <testcase classname="testNGPackage2.Test1" name="testMethod" time="9.829"/>
  <system-out/>
</testsuite> <!-- testNGPackage2.Test1 -->
