<?xml version="1.0" encoding="UTF-8"?>
<!-- Generated by org.testng.reporters.JUnitReportReporter -->
<testsuite hostname="DESKTOP-7F50743" failures="0" tests="3" name="testNG.Demo1" time="0.003" errors="0" timestamp="2023-05-23T09:52:21 IST" skipped="0">
  <testcase classname="testNG.Demo1" name="demo1" time="0.001"/>
  <system-out>
    <![CDATA[demo1 method]]>
  </system-out>
  <testcase classname="testNG.Demo1" name="demo2" time="0.001"/>
  <system-out>
    <![CDATA[demo2 method]]>
  </system-out>
  <testcase classname="testNG.Demo1" name="demo3" time="0.001"/>
  <system-out>
    <![CDATA[demo3 method]]>
  </system-out>
</testsuite> <!-- testNG.Demo1 -->
