<?xml version="1.0" encoding="UTF-8"?>
<!-- Generated by org.testng.reporters.JUnitReportReporter -->
<testsuite hostname="DESKTOP-7F50743" failures="0" tests="2" name="testNGPackage2.MethodParallelExecution" time="0.008" errors="0" timestamp="2023-05-24T10:22:33 IST" skipped="0">
  <testcase classname="testNGPackage2.MethodParallelExecution" name="method1" time="0.008"/>
  <system-out>
    <![CDATA[1: is the thread id of method
method 1]]>
  </system-out>
  <testcase classname="testNGPackage2.MethodParallelExecution" name="method2" time="0.000"/>
  <system-out>
    <![CDATA[1: is the thread id of method
method 2]]>
  </system-out>
</testsuite> <!-- testNGPackage2.MethodParallelExecution -->
