<?xml version="1.0" encoding="UTF-8"?>
<!-- Generated by org.testng.reporters.JUnitReportReporter -->
<testsuite hostname="DESKTOP-7F50743" failures="0" tests="7" name="testNgFlags.PriorityFlag" time="0.018" errors="0" timestamp="2023-05-26T10:40:09 IST" skipped="0">
  <testcase classname="testNgFlags.PriorityFlag" name="method3" time="0.001"/>
  <system-out>
    <![CDATA[Method3!!]]>
  </system-out>
  <testcase classname="testNgFlags.PriorityFlag" name="method4" time="0.001"/>
  <system-out>
    <![CDATA[Method4!!]]>
  </system-out>
  <testcase classname="testNgFlags.PriorityFlag" name="method7" time="0.001"/>
  <system-out>
    <![CDATA[Method7!!]]>
  </system-out>
  <testcase classname="testNgFlags.PriorityFlag" name="method2" time="0.011"/>
  <system-out>
    <![CDATA[Method2!!]]>
  </system-out>
  <testcase classname="testNgFlags.PriorityFlag" name="method6" time="0.001"/>
  <system-out>
    <![CDATA[Method6!!]]>
  </system-out>
  <testcase classname="testNgFlags.PriorityFlag" name="method1" time="0.002"/>
  <system-out>
    <![CDATA[Method1!!]]>
  </system-out>
  <testcase classname="testNgFlags.PriorityFlag" name="method5" time="0.001"/>
  <system-out>
    <![CDATA[Method5!!]]>
  </system-out>
</testsuite> <!-- testNgFlags.PriorityFlag -->
