<?xml version="1.0" encoding="UTF-8"?>
<!-- Generated by org.testng.reporters.JUnitReportReporter -->
<testsuite hostname="DESKTOP-7F50743" failures="0" tests="18" name="testNgFlags.GroupFlags" time="0.024" errors="0" timestamp="2023-05-27T14:34:08 IST" skipped="0">
  <testcase classname="testNgFlags.GroupFlags" name="ft5" time="0.001"/>
  <system-out>
    <![CDATA[FT5]]>
  </system-out>
  <testcase classname="testNgFlags.GroupFlags" name="sft4" time="0.001"/>
  <system-out>
    <![CDATA[ST4]]>
  </system-out>
  <testcase classname="testNgFlags.GroupFlags" name="st2" time="0.001"/>
  <system-out>
    <![CDATA[ST2]]>
  </system-out>
  <testcase classname="testNgFlags.GroupFlags" name="it5" time="0.001"/>
  <system-out>
    <![CDATA[IT5]]>
  </system-out>
  <testcase classname="testNgFlags.GroupFlags" name="st1" time="0.001"/>
  <system-out>
    <![CDATA[ST1]]>
  </system-out>
  <testcase classname="testNgFlags.GroupFlags" name="st6" time="0.001"/>
  <system-out>
    <![CDATA[ST6]]>
  </system-out>
  <testcase classname="testNgFlags.GroupFlags" name="ft4" time="0.001"/>
  <system-out>
    <![CDATA[FT4]]>
  </system-out>
  <testcase classname="testNgFlags.GroupFlags" name="it1" time="0.001"/>
  <system-out>
    <![CDATA[IT1]]>
  </system-out>
  <testcase classname="testNgFlags.GroupFlags" name="ft2" time="0.001"/>
  <system-out>
    <![CDATA[FT2]]>
  </system-out>
  <testcase classname="testNgFlags.GroupFlags" name="st5" time="0.001"/>
  <system-out>
    <![CDATA[ST5]]>
  </system-out>
  <testcase classname="testNgFlags.GroupFlags" name="it6" time="0.000"/>
  <system-out>
    <![CDATA[IT6]]>
  </system-out>
  <testcase classname="testNgFlags.GroupFlags" name="it3" time="0.000"/>
  <system-out>
    <![CDATA[IT3]]>
  </system-out>
  <testcase classname="testNgFlags.GroupFlags" name="ft1" time="0.001"/>
  <system-out>
    <![CDATA[FT1]]>
  </system-out>
  <testcase classname="testNgFlags.GroupFlags" name="ft3" time="0.001"/>
  <system-out>
    <![CDATA[FT3]]>
  </system-out>
  <testcase classname="testNgFlags.GroupFlags" name="it2" time="0.001"/>
  <system-out>
    <![CDATA[IT1]]>
  </system-out>
  <testcase classname="testNgFlags.GroupFlags" name="st3" time="0.001"/>
  <system-out>
    <![CDATA[ST3]]>
  </system-out>
  <testcase classname="testNgFlags.GroupFlags" name="IT4" time="0.009"/>
  <system-out>
    <![CDATA[IT4]]>
  </system-out>
  <testcase classname="testNgFlags.GroupFlags" name="ft6" time="0.001"/>
  <system-out>
    <![CDATA[FT6]]>
  </system-out>
</testsuite> <!-- testNgFlags.GroupFlags -->
