<?xml version="1.0" encoding="UTF-8"?>
<!-- Generated by org.testng.reporters.JUnitReportReporter -->
<testsuite hostname="DESKTOP-7F50743" failures="0" tests="1" name="testNG.Sumo" time="0.001" errors="0" timestamp="2023-05-22T11:00:20 IST" skipped="0">
  <testcase classname="testNG.Sumo" name="sumoMethod" time="0.001"/>
  <system-out>
    <![CDATA[D]]>
  </system-out>
</testsuite> <!-- testNG.Sumo -->
