<?xml version="1.0" encoding="UTF-8"?>
<!-- Generated by org.testng.reporters.JUnitReportReporter -->
<testsuite hostname="DESKTOP-7F50743" failures="0" tests="3" name="testNG.Demo2" time="0.014" errors="0" timestamp="2023-05-23T09:52:21 IST" skipped="0">
  <testcase classname="testNG.Demo2" name="q" time="0.001"/>
  <system-out>
    <![CDATA[Q method]]>
  </system-out>
  <testcase classname="testNG.Demo2" name="p" time="0.011"/>
  <system-out>
    <![CDATA[P method]]>
  </system-out>
  <testcase classname="testNG.Demo2" name="r" time="0.002"/>
  <system-out>
    <![CDATA[R method]]>
  </system-out>
</testsuite> <!-- testNG.Demo2 -->
