<?xml version="1.0" encoding="UTF-8"?>
<!-- Generated by org.testng.reporters.JUnitReportReporter -->
<testsuite hostname="DESKTOP-7F50743" failures="0" tests="3" name="testNGannotation.GoogleSearchTestCase" time="28.410" errors="0" timestamp="2023-05-26T10:01:43 IST" skipped="0">
  <testcase classname="testNGannotation.GoogleSearchTestCase" name="search1" time="7.349"/>
  <system-out/>
  <testcase classname="testNGannotation.GoogleSearchTestCase" name="search2" time="10.029"/>
  <system-out/>
  <testcase classname="testNGannotation.GoogleSearchTestCase" name="search3" time="11.032"/>
  <system-out/>
</testsuite> <!-- testNGannotation.GoogleSearchTestCase -->
