<?xml version="1.0" encoding="UTF-8"?>
<!-- Generated by org.testng.reporters.JUnitReportReporter -->
<testsuite hostname="DESKTOP-7F50743" failures="0" tests="1" name="testNGannotation.Annotations" time="0.007" errors="0" timestamp="2023-05-23T10:21:00 IST" skipped="0">
  <testcase classname="testNGannotation.Annotations" name="f" time="0.007"/>
  <system-out>
    <![CDATA[Test Annotation 1]]>
  </system-out>
</testsuite> <!-- testNGannotation.Annotations -->
