<?xml version="1.0" encoding="UTF-8"?>
<!-- Generated by org.testng.reporters.JUnitReportReporter -->
<testsuite hostname="DESKTOP-7F50743" failures="0" tests="5" name="dynamicScreenshot.ActiTimeDataProvider" time="21.862" errors="0" timestamp="2023-05-30T10:38:42 IST" skipped="0">
  <testcase classname="dynamicScreenshot.ActiTimeDataProvider" name="login" time="4.927"/>
  <system-out/>
  <testcase classname="dynamicScreenshot.ActiTimeDataProvider" name="login" time="3.652"/>
  <system-out/>
  <testcase classname="dynamicScreenshot.ActiTimeDataProvider" name="login" time="6.136"/>
  <system-out/>
  <testcase classname="dynamicScreenshot.ActiTimeDataProvider" name="login" time="3.617"/>
  <system-out/>
  <testcase classname="dynamicScreenshot.ActiTimeDataProvider" name="login" time="3.530"/>
  <system-out/>
</testsuite> <!-- dynamicScreenshot.ActiTimeDataProvider -->
