<?xml version="1.0" encoding="UTF-8"?>
<!-- Generated by org.testng.reporters.JUnitReportReporter -->
<testsuite hostname="DESKTOP-7F50743" failures="0" tests="10" name="testNgFlags.InvocationFlag" time="0.028" errors="0" timestamp="2023-05-26T10:19:53 IST" skipped="0">
  <testcase classname="testNgFlags.InvocationFlag" name="method1" time="0.002"/>
  <system-out>
    <![CDATA[Login test acse]]>
  </system-out>
  <testcase classname="testNgFlags.InvocationFlag" name="method1" time="0.001"/>
  <system-out>
    <![CDATA[Login test acse]]>
  </system-out>
  <testcase classname="testNgFlags.InvocationFlag" name="method1" time="0.001"/>
  <system-out>
    <![CDATA[Login test acse]]>
  </system-out>
  <testcase classname="testNgFlags.InvocationFlag" name="method1" time="0.002"/>
  <system-out>
    <![CDATA[Login test acse]]>
  </system-out>
  <testcase classname="testNgFlags.InvocationFlag" name="method1" time="0.002"/>
  <system-out>
    <![CDATA[Login test acse]]>
  </system-out>
  <testcase classname="testNgFlags.InvocationFlag" name="method1" time="0.002"/>
  <system-out>
    <![CDATA[Login test acse]]>
  </system-out>
  <testcase classname="testNgFlags.InvocationFlag" name="method1" time="0.002"/>
  <system-out>
    <![CDATA[Login test acse]]>
  </system-out>
  <testcase classname="testNgFlags.InvocationFlag" name="method1" time="0.013"/>
  <system-out>
    <![CDATA[Login test acse]]>
  </system-out>
  <testcase classname="testNgFlags.InvocationFlag" name="method1" time="0.001"/>
  <system-out>
    <![CDATA[Login test acse]]>
  </system-out>
  <testcase classname="testNgFlags.InvocationFlag" name="method1" time="0.002"/>
  <system-out>
    <![CDATA[Login test acse]]>
  </system-out>
</testsuite> <!-- testNgFlags.InvocationFlag -->
